<?xml version="1.0" encoding="UTF-8"?>
<!-- Generated by org.testng.reporters.JUnitXMLReporter -->
<testsuite hostname="JASMEETKAUR-PC" name="Login Page test" tests="3" failures="0" timestamp="23 Oct 2020 00:08:43 GMT" time="47.735" errors="0">
  <testcase name="verifysignUpLinkTest" time="10.929" classname="com.qa.hubspot.tests.LoginPageTest"/>
  <testcase name="verifyLoginPageTitleTest" time="2.053" classname="com.qa.hubspot.tests.LoginPageTest"/>
  <testcase name="verifydoLoginTest" time="2.364" classname="com.qa.hubspot.tests.LoginPageTest"/>
</testsuite> <!-- Login Page test -->
