<?xml version="1.0" encoding="UTF-8"?>
<!-- Generated by org.testng.reporters.JUnitXMLReporter -->
<testsuite hostname="JASMEETKAUR-PC" name="Login Page test" tests="3" failures="0" timestamp="11 Oct 2020 18:10:12 GMT" time="48.426" errors="0">
  <testcase name="verifysignUpLinkTest" time="16.868" classname="com.qa.hubspot.tests.LoginPageTest"/>
  <testcase name="verifyLoginPageTitleTest" time="0.043" classname="com.qa.hubspot.tests.LoginPageTest"/>
  <testcase name="verifydoLoginTest" time="2.644" classname="com.qa.hubspot.tests.LoginPageTest"/>
</testsuite> <!-- Login Page test -->
