<?xml version="1.0" encoding="UTF-8"?>
<testng-results skipped="0" failed="0" total="3" passed="3">
  <reporter-output>
  </reporter-output>
  <suite name="Hub spot Test automation regression suite" duration-ms="47735" started-at="2020-10-23T00:07:54Z" finished-at="2020-10-23T00:08:42Z">
    <groups>
    </groups>
    <test name="Login Page test" duration-ms="47735" started-at="2020-10-23T00:07:54Z" finished-at="2020-10-23T00:08:42Z">
      <class name="com.qa.hubspot.tests.LoginPageTest">
        <test-method status="PASS" signature="setUp()[pri:0, instance:com.qa.hubspot.tests.LoginPageTest@1445d7f]" name="setUp" is-config="true" duration-ms="31784" started-at="2020-10-23T05:37:54Z" finished-at="2020-10-23T05:38:26Z">
          <reporter-output>
          </reporter-output>
        </test-method> <!-- setUp -->
        <test-method status="PASS" signature="verifysignUpLinkTest()[pri:0, instance:com.qa.hubspot.tests.LoginPageTest@1445d7f]" name="verifysignUpLinkTest" duration-ms="10929" started-at="2020-10-23T05:38:26Z" finished-at="2020-10-23T05:38:37Z">
          <reporter-output>
          </reporter-output>
        </test-method> <!-- verifysignUpLinkTest -->
        <test-method status="PASS" signature="verifyLoginPageTitleTest()[pri:0, instance:com.qa.hubspot.tests.LoginPageTest@1445d7f]" name="verifyLoginPageTitleTest" duration-ms="2053" started-at="2020-10-23T05:38:37Z" finished-at="2020-10-23T05:38:39Z">
          <reporter-output>
          </reporter-output>
        </test-method> <!-- verifyLoginPageTitleTest -->
        <test-method status="PASS" signature="verifydoLoginTest()[pri:0, instance:com.qa.hubspot.tests.LoginPageTest@1445d7f]" name="verifydoLoginTest" duration-ms="2364" started-at="2020-10-23T05:38:39Z" finished-at="2020-10-23T05:38:42Z">
          <reporter-output>
          </reporter-output>
        </test-method> <!-- verifydoLoginTest -->
      </class> <!-- com.qa.hubspot.tests.LoginPageTest -->
    </test> <!-- Login Page test -->
  </suite> <!-- Hub spot Test automation regression suite -->
</testng-results>
